---------------
Jun 09 2013 15:50 -- inspect
System Inspection Results: 
------------------------------
NA: Webserver => Apache
NA: HTTP Host => www.ethiapath.com
NA: Path_Translated => /home/ethiapath/ethiapath.com/store/zc_install/index.php(SCRIPT_FILENAME)
NA: Real Path => /home/ethiapath/ethiapath.com/store
NA: Server Free Disk Space => 985.28 GB
NA: PHP O/S => Linux
NA: PHP API Mode => cgi-fcgi
NA: PHP Max Execution Time per page => 30
OK: Register Globals => OFF
OK: MySQL Support => ON
OK: PHP Version => 5.2.17
OK: PHP Safe Mode => OFF
OK: PHP Sessions Support => ON
OK: PHP Session.AutoStart => OFF
OK: PHP session.use_trans_sid => OFF
OK: Suggested SQL Cache Folder => /home/ethiapath/ethiapath.com/store/cache
OK: PHP magic_quotes_runtime setting => OFF
OK: PHP magic_quotes_sybase setting => OFF
OK: PHP GD Support => ON
OK: GD Version => GD bundled (2.0.34 compatible)
OK: PHP ZLIB Compression Support => ON
OK: PHP OpenSSL Support => ON
OK: PHP cURL Support => ON
OK: CURL NON-SSL Capability => Okay
OK: CURL SSL Capability => Okay
OK: PHP Upload Support => ON  upload_max_filesize=7M;  post_max_size=8M
OK: PHP Upload TMP dir => 
OK: Apache .htaccess Support => ON
NA: PHP include_path => .:/usr/local/lib/php:/usr/local/php5/lib/pear
NA: PHP SMTP destination => localhost
NA: PHP sendmail path => /usr/sbin/sendmail -t -i
NA: PHP sendmail 'from' => 
OK: PHP open_basedir restrictions => 
OK: PHP Output Buffering (gzip) => ON
OK: PHP XML Support => ON
OK: PHP Session.Save_Path => /home/ethiapath/ethiapath.com/store/cache-->Writeable
OK: includes/configure.php =>  Writeable
OK: admin/includes/configure.php =>  Writeable
OK: cache => OK 777 read/write/execute
OK: images => OK 777 read/write/execute (INCLUDE SUBDIRECTORIES TOO)
OK: includes/languages/english/html_includes => OK 777 read/write (INCLUDE SUBDIRECTORIES TOO)
OK: logs => OK 777 read/write/execute
OK: media => OK 777 read/write/execute
OK: pub => OK 777 read/write/execute
OK: admin/backups => OK 777 read/write
OK: admin/images/graphs => OK 777 read/write/execute
PHP Extensions compiled: date, libxml, openssl, pcre, zlib, bcmath, calendar, ctype, curl, dom, hash, filter, ftp, gd, gettext, session, iconv, standard, json, mbstring, mcrypt, mhash, mysql, SimpleXML, pcntl, SPL, PDO, pdo_mysql, pdo_sqlite, posix, pspell, Reflection, imap, mysqli, sockets, SQLite, exif, tokenizer, xml, xmlreader, xmlwriter, xsl, cgi-fcgi, Zend Optimizer
------------------------------


